This is pdfTeX, Version 3.141592653-2.6-1.40.25 (TeX Live 2023) (preloaded format=pdflatex 2024.2.21)  27 FEB 2024 10:53
entering extended mode
 restricted \write18 enabled.
 %&-line parsing enabled.
**title.tex
(./title.tex
LaTeX2e <2023-11-01> patch level 1
L3 programming layer <2024-02-20>
(/Users/cs/Library/TinyTeX/texmf-dist/tex/latex/textpos/textpos.sty
Package: textpos 2022/07/23 v1.10.1
Package textpos Info: choosing support for LaTeX3 on input line 60.
 (/Users/cs/Library/TinyTeX/texmf-dist/tex/latex/graphics/keyval.sty
Package: keyval 2022/05/29 v1.15 key=value parser (DPC)
\KV@toks@=\toks17
)
\TP@textbox=\box51
\TP@holdbox=\box52
\TPHorizModule=\dimen140
\TPVertModule=\dimen141
\TP@margin=\dimen142
\TP@absmargin=\dimen143

Grid set 16 x 16 = 0.0pt x 0.0pt
\TPboxrulesize=\dimen144
\TP@ox=\dimen145
\TP@oy=\dimen146
\TP@tbargs=\toks18
TextBlockOrigin set to 0pt x 0pt
)

! LaTeX Error: Missing \begin{document}.

See the LaTeX manual or LaTeX Companion for explanation.
Type  H <return>  for immediate help.
 ...                                              
                                                  
l.10 $
      if(title)$
You're in trouble here.  Try typing  <return>  to proceed.
If that doesn't work, type  X <return>  to quit.

LaTeX Font Info:    External font `cmex10' loaded for size
(Font)              <7> on input line 10.
LaTeX Font Info:    External font `cmex10' loaded for size
(Font)              <5> on input line 10.

! LaTeX Error: \usepackage before \documentclass.

See the LaTeX manual or LaTeX Companion for explanation.
Type  H <return>  for immediate help.
 ...                                              
                                                  
l.14 \usepackage{
                 etoolbox}
\usepackage may only appear in the document preamble, i.e.,
between \documentclass and \begin{document}.

! Undefined control sequence.
\subtitle #1->\apptocmd 
                        {\@title }{\par {\large #1 \par }}{}{} 
l.20 \subtitle{$subtitle$}
                          
The control sequence at the end of the top line
of your error message was never \def'ed. If you have
misspelled it (e.g., `\hobx'), type `I' and the correct
spelling (e.g., `I\hbox'). Otherwise just continue,
and I'll forget about whatever was undefined.


Overfull \hbox (55.69939pt too wide) in paragraph at lines 10--20
[]$\OML/cmm/m/it/10 if\OT1/cmr/m/n/10 (\OML/cmm/m/it/10 title\OT1/cmr/m/n/10 )$
 []


Overfull \hbox (25.28087pt too wide) in paragraph at lines 10--20
\OML/cmm/m/it/10 endif$
 []


Overfull \hbox (50.40312pt too wide) in paragraph at lines 10--20
\OML/cmm/m/it/10 if\OT1/cmr/m/n/10 (\OML/cmm/m/it/10 subtitle\OT1/cmr/m/n/10 )$
 []


Overfull \hbox (18.5042pt too wide) in paragraph at lines 10--20
\OML/cmm/m/it/10 title$ 
 []

! Undefined control sequence.
\subtitle #1->\apptocmd {\@title }{\par {\large 
                                                #1 \par }}{}{} 
l.20 \subtitle{$subtitle$}
                          
The control sequence at the end of the top line
of your error message was never \def'ed. If you have
misspelled it (e.g., `\hobx'), type `I' and the correct
spelling (e.g., `I\hbox'). Otherwise just continue,
and I'll forget about whatever was undefined.


! LaTeX Error: Missing \begin{document}.

See the LaTeX manual or LaTeX Companion for explanation.
Type  H <return>  for immediate help.
 ...                                              
                                                  
l.20 \subtitle{$subtitle$}
                          
You're in trouble here.  Try typing  <return>  to proceed.
If that doesn't work, type  X <return>  to quit.


Overfull \hbox (53.20793pt too wide) in paragraph at lines 20--20
[]$\OML/cmm/m/it/10 subtitle$ 
 []


! LaTeX Error: Missing \begin{document}.

See the LaTeX manual or LaTeX Companion for explanation.
Type  H <return>  for immediate help.
 ...                                              
                                                  
l.21 $
      endif$
You're in trouble here.  Try typing  <return>  to proceed.
If that doesn't work, type  X <return>  to quit.


Overfull \hbox (45.28087pt too wide) in paragraph at lines 21--23
[]$\OML/cmm/m/it/10 endif$
 []


! LaTeX Error: Missing \begin{document}.

See the LaTeX manual or LaTeX Companion for explanation.
Type  H <return>  for immediate help.
 ...                                              
                                                  
l.84 $
      if(cover)$$else$\nocover$endif$
You're in trouble here.  Try typing  <return>  to proceed.
If that doesn't work, type  X <return>  to quit.

! Undefined control sequence.
l.87   \lfoot
             {\sf$date$}
The control sequence at the end of the top line
of your error message was never \def'ed. If you have
misspelled it (e.g., `\hobx'), type `I' and the correct
spelling (e.g., `I\hbox'). Otherwise just continue,
and I'll forget about whatever was undefined.

! Undefined control sequence.
l.87   \lfoot{\sf
                 $date$}
The control sequence at the end of the top line
of your error message was never \def'ed. If you have
misspelled it (e.g., `\hobx'), type `I' and the correct
spelling (e.g., `I\hbox'). Otherwise just continue,
and I'll forget about whatever was undefined.

! Undefined control sequence.
l.103    \lfoot
               {\sf $for(by-author)$$by-author.name.family$$sep$, $endfor$: ...
The control sequence at the end of the top line
of your error message was never \def'ed. If you have
misspelled it (e.g., `\hobx'), type `I' and the correct
spelling (e.g., `I\hbox'). Otherwise just continue,
and I'll forget about whatever was undefined.

! Undefined control sequence.
l.103    \lfoot{\sf
                    $for(by-author)$$by-author.name.family$$sep$, $endfor$: ...
The control sequence at the end of the top line
of your error message was never \def'ed. If you have
misspelled it (e.g., `\hobx'), type `I' and the correct
spelling (e.g., `I\hbox'). Otherwise just continue,
and I'll forget about whatever was undefined.

Missing character: There is no , in font nullfont!
Missing character: There is no : in font nullfont!

Overfull \hbox (103.4831pt too wide) in paragraph at lines 84--105
[]$\OML/cmm/m/it/10 if\OT1/cmr/m/n/10 (\OML/cmm/m/it/10 cover\OT1/cmr/m/n/10 )$$\OML/cmm/m/it/10 else$$endif$
 []


Overfull \hbox (39.31976pt too wide) in paragraph at lines 84--105
\OML/cmm/m/it/10 if\OT1/cmr/m/n/10 (\OML/cmm/m/it/10 blind\OT1/cmr/m/n/10 )$
 []


Overfull \hbox (18.75813pt too wide) in paragraph at lines 84--105
\OML/cmm/m/it/10 date$
 []


Overfull \hbox (17.1806pt too wide) in paragraph at lines 84--105
\OML/cmm/m/it/10 else$
 []


Overfull \hbox (36.82881pt too wide) in paragraph at lines 84--105
\OML/cmm/m/it/10 for\OT1/cmr/m/n/10 (\OML/cmm/m/it/10 by \OMS/cmsy/m/n/10 ^^@
 []


Overfull \hbox (51.23972pt too wide) in paragraph at lines 84--105
\OML/cmm/m/it/10 author\OT1/cmr/m/n/10 )$$\OML/cmm/m/it/10 by \OMS/cmsy/m/n/10 ^^@
 []


Overfull \hbox (106.04501pt too wide) in paragraph at lines 84--105
\OML/cmm/m/it/10 author:name:family$$sep$
 []


Overfull \hbox (29.80566pt too wide) in paragraph at lines 84--105
\OML/cmm/m/it/10 endfor$
 []


Overfull \hbox (18.75813pt too wide) in paragraph at lines 84--105
\OML/cmm/m/it/10 date$
 []


Overfull \hbox (25.28087pt too wide) in paragraph at lines 84--105
\OML/cmm/m/it/10 endif$ 
 []


! LaTeX Error: Environment abstract undefined.

See the LaTeX manual or LaTeX Companion for explanation.
Type  H <return>  for immediate help.
 ...                                              
                                                  
l.111 \renewenvironment{abstract}
                                 {\begin{minipage}{\textwidth}\parskip=1.4ex...
Try typing  <return>  to proceed.
If that doesn't work, type  X <return>  to quit.

)
! Emergency stop.
<*> title.tex
             
*** (job aborted, no legal \end found)

 
Here is how much of TeX's memory you used:
 201 strings out of 476053
 3548 string characters out of 5791097
 1925187 words of memory out of 5000000
 22390 multiletter control sequences out of 15000+600000
 558069 words of font info for 36 fonts, out of 8000000 for 9000
 14 hyphenation exceptions out of 8191
 42i,1n,51p,180b,55s stack positions out of 10000i,1000n,20000p,200000b,200000s
!  ==> Fatal error occurred, no output PDF file produced!
